Running TaOx-HfOx, exp1 with ITER_LIMIT=11, repetition 1
INFO: Meliso:Constructor: Total SubArray (synaptic core) area=8.4117e-09 m^2
INFO: Meliso:Constructor: Total Neuron (neuron peripheries) area=7.4389e-09 m^2
INFO: Meliso:Constructor: Total area=1.5851e-08 m^2
INFO: Meliso:Constructor: Leakage power of subArrayIH is : 1.1411e-04 W
INFO: Meliso:Constructor: Leakage power of NeuronIH is : 9.0476e-05 W
INFO: Meliso:Constructor: Total leakage power of subArray is : 1.1411e-04 W
INFO: Meliso:Constructor: Total leakage power of Neuron is : 9.0476e-05 W

INFO: Meliso:matVec: Read latency=9.5889e-08 s
INFO: Meliso:matVec: Write latency=9.7148e-07 s
INFO: Meliso:matVec: Read energy=1.0252e-09 J
INFO: Meliso:matVec: Write energy=5.6257e-10 J

INFO: Meliso:matVec: Read latency=2.8767e-07 s
INFO: Meliso:matVec: Write latency=1.9430e-06 s
INFO: Meliso:matVec: Read energy=3.0733e-09 J
INFO: Meliso:matVec: Write energy=1.1251e-09 J

INFO: Meliso:matVec: Read latency=5.7534e-07 s
INFO: Meliso:matVec: Write latency=2.9144e-06 s
INFO: Meliso:matVec: Read energy=6.1455e-09 J
INFO: Meliso:matVec: Write energy=1.6877e-09 J

INFO: Meliso:matVec: Read latency=9.5889e-07 s
INFO: Meliso:matVec: Write latency=3.8859e-06 s
INFO: Meliso:matVec: Read energy=1.0238e-08 J
INFO: Meliso:matVec: Write energy=2.2503e-09 J

INFO: Meliso:matVec: Read latency=1.4383e-06 s
INFO: Meliso:matVec: Write latency=4.8574e-06 s
INFO: Meliso:matVec: Read energy=1.5350e-08 J
INFO: Meliso:matVec: Write energy=2.8129e-09 J

INFO: Meliso:matVec: Read latency=2.0137e-06 s
INFO: Meliso:matVec: Write latency=5.8289e-06 s
INFO: Meliso:matVec: Read energy=2.1482e-08 J
INFO: Meliso:matVec: Write energy=3.3754e-09 J

INFO: Meliso:matVec: Read latency=2.6849e-06 s
INFO: Meliso:matVec: Write latency=6.8003e-06 s
INFO: Meliso:matVec: Read energy=2.8635e-08 J
INFO: Meliso:matVec: Write energy=3.9380e-09 J

INFO: Meliso:matVec: Read latency=3.4520e-06 s
INFO: Meliso:matVec: Write latency=7.7718e-06 s
INFO: Meliso:matVec: Read energy=3.6807e-08 J
INFO: Meliso:matVec: Write energy=4.5006e-09 J

INFO: Meliso:matVec: Read latency=4.3150e-06 s
INFO: Meliso:matVec: Write latency=8.7433e-06 s
INFO: Meliso:matVec: Read energy=4.6000e-08 J
INFO: Meliso:matVec: Write energy=5.0632e-09 J

INFO: Meliso:matVec: Read latency=5.2739e-06 s
INFO: Meliso:matVec: Write latency=9.7148e-06 s
INFO: Meliso:matVec: Read energy=5.6212e-08 J
INFO: Meliso:matVec: Write energy=5.6257e-09 J

INFO: Meliso:matVec: Read latency=6.3287e-06 s
INFO: Meliso:matVec: Write latency=1.0686e-05 s
INFO: Meliso:matVec: Read energy=6.7445e-08 J
INFO: Meliso:matVec: Write energy=6.1883e-09 J

INFO: Meliso:matVec: Read latency=7.4794e-06 s
INFO: Meliso:matVec: Write latency=1.1658e-05 s
INFO: Meliso:matVec: Read energy=7.9697e-08 J
INFO: Meliso:matVec: Write energy=6.7509e-09 J

INFO: Meliso:matVec: Read latency=8.7259e-06 s
INFO: Meliso:matVec: Write latency=1.2629e-05 s
INFO: Meliso:matVec: Read energy=9.2970e-08 J
INFO: Meliso:matVec: Write energy=7.3135e-09 J

INFO: Meliso:matVec: Read latency=1.0068e-05 s
INFO: Meliso:matVec: Write latency=1.3601e-05 s
INFO: Meliso:matVec: Read energy=1.0726e-07 J
INFO: Meliso:matVec: Write energy=7.8760e-09 J

INFO: Meliso:matVec: Read latency=1.1507e-05 s
INFO: Meliso:matVec: Write latency=1.4572e-05 s
INFO: Meliso:matVec: Read energy=1.2258e-07 J
INFO: Meliso:matVec: Write energy=8.4386e-09 J

INFO: Meliso:matVec: Read latency=1.3041e-05 s
INFO: Meliso:matVec: Write latency=1.5544e-05 s
INFO: Meliso:matVec: Read energy=1.3891e-07 J
INFO: Meliso:matVec: Write energy=9.0012e-09 J

INFO: Meliso:matVec: Read latency=1.4671e-05 s
INFO: Meliso:matVec: Write latency=1.6515e-05 s
INFO: Meliso:matVec: Read energy=1.5626e-07 J
INFO: Meliso:matVec: Write energy=9.5637e-09 J

INFO: Meliso:matVec: Read latency=1.6397e-05 s
INFO: Meliso:matVec: Write latency=1.7487e-05 s
INFO: Meliso:matVec: Read energy=1.7463e-07 J
INFO: Meliso:matVec: Write energy=1.0126e-08 J

INFO: Meliso:matVec: Read latency=1.8219e-05 s
INFO: Meliso:matVec: Write latency=1.8458e-05 s
INFO: Meliso:matVec: Read energy=1.9403e-07 J
INFO: Meliso:matVec: Write energy=1.0689e-08 J

INFO: Meliso:matVec: Read latency=2.0137e-05 s
INFO: Meliso:matVec: Write latency=1.9430e-05 s
INFO: Meliso:matVec: Read energy=2.1444e-07 J
INFO: Meliso:matVec: Write energy=1.1251e-08 J

INFO: Meliso:matVec: Read latency=2.2150e-05 s
INFO: Meliso:matVec: Write latency=2.0401e-05 s
INFO: Meliso:matVec: Read energy=2.3587e-07 J
INFO: Meliso:matVec: Write energy=1.1814e-08 J

INFO: Meliso:matVec: Read latency=2.4260e-05 s
INFO: Meliso:matVec: Write latency=2.1373e-05 s
INFO: Meliso:matVec: Read energy=2.5833e-07 J
INFO: Meliso:matVec: Write energy=1.2377e-08 J

INFO: Meliso:matVec: Read latency=2.6465e-05 s
INFO: Meliso:matVec: Write latency=2.2344e-05 s
INFO: Meliso:matVec: Read energy=2.8180e-07 J
INFO: Meliso:matVec: Write energy=1.2939e-08 J

INFO: Meliso:matVec: Read latency=2.8767e-05 s
INFO: Meliso:matVec: Write latency=2.3315e-05 s
INFO: Meliso:matVec: Read energy=3.0629e-07 J
INFO: Meliso:matVec: Write energy=1.3502e-08 J

INFO: Meliso:matVec: Read latency=3.1164e-05 s
INFO: Meliso:matVec: Write latency=2.4287e-05 s
INFO: Meliso:matVec: Read energy=3.3181e-07 J
INFO: Meliso:matVec: Write energy=1.4064e-08 J

INFO: Meliso:matVec: Read latency=3.3657e-05 s
INFO: Meliso:matVec: Write latency=2.5258e-05 s
INFO: Meliso:matVec: Read energy=3.5834e-07 J
INFO: Meliso:matVec: Write energy=1.4627e-08 J

INFO: Meliso:matVec: Read latency=3.6246e-05 s
INFO: Meliso:matVec: Write latency=2.6230e-05 s
INFO: Meliso:matVec: Read energy=3.8589e-07 J
INFO: Meliso:matVec: Write energy=1.5189e-08 J

INFO: Meliso:matVec: Read latency=3.8931e-05 s
INFO: Meliso:matVec: Write latency=2.7201e-05 s
INFO: Meliso:matVec: Read energy=4.1447e-07 J
INFO: Meliso:matVec: Write energy=1.5752e-08 J

INFO: Meliso:matVec: Read latency=4.1712e-05 s
INFO: Meliso:matVec: Write latency=2.8173e-05 s
INFO: Meliso:matVec: Read energy=4.4406e-07 J
INFO: Meliso:matVec: Write energy=1.6315e-08 J

INFO: Meliso:matVec: Read latency=4.4589e-05 s
INFO: Meliso:matVec: Write latency=2.9144e-05 s
INFO: Meliso:matVec: Read energy=4.7467e-07 J
INFO: Meliso:matVec: Write energy=1.6877e-08 J

INFO: Meliso:matVec: Read latency=4.7561e-05 s
INFO: Meliso:matVec: Write latency=3.0116e-05 s
INFO: Meliso:matVec: Read energy=5.0631e-07 J
INFO: Meliso:matVec: Write energy=1.7440e-08 J

INFO: Meliso:matVec: Read latency=5.0630e-05 s
INFO: Meliso:matVec: Write latency=3.1087e-05 s
INFO: Meliso:matVec: Read energy=5.3896e-07 J
INFO: Meliso:matVec: Write energy=1.8002e-08 J

INFO: Meliso:matVec: Read latency=5.3794e-05 s
INFO: Meliso:matVec: Write latency=3.2059e-05 s
INFO: Meliso:matVec: Read energy=5.7263e-07 J
INFO: Meliso:matVec: Write energy=1.8565e-08 J

INFO: Meliso:matVec: Read latency=5.7054e-05 s
INFO: Meliso:matVec: Write latency=3.3030e-05 s
INFO: Meliso:matVec: Read energy=6.0733e-07 J
INFO: Meliso:matVec: Write energy=1.9127e-08 J

INFO: Meliso:matVec: Read latency=6.0410e-05 s
INFO: Meliso:matVec: Write latency=3.4002e-05 s
INFO: Meliso:matVec: Read energy=6.4304e-07 J
INFO: Meliso:matVec: Write energy=1.9690e-08 J

INFO: Meliso:matVec: Read latency=6.3862e-05 s
INFO: Meliso:matVec: Write latency=3.4973e-05 s
INFO: Meliso:matVec: Read energy=6.7978e-07 J
INFO: Meliso:matVec: Write energy=2.0253e-08 J

INFO: Meliso:matVec: Read latency=6.7410e-05 s
INFO: Meliso:matVec: Write latency=3.5945e-05 s
INFO: Meliso:matVec: Read energy=7.1753e-07 J
INFO: Meliso:matVec: Write energy=2.0815e-08 J

INFO: Meliso:matVec: Read latency=7.1054e-05 s
INFO: Meliso:matVec: Write latency=3.6916e-05 s
INFO: Meliso:matVec: Read energy=7.5630e-07 J
INFO: Meliso:matVec: Write energy=2.1378e-08 J

INFO: Meliso:matVec: Read latency=7.4794e-05 s
INFO: Meliso:matVec: Write latency=3.7888e-05 s
INFO: Meliso:matVec: Read energy=7.9610e-07 J
INFO: Meliso:matVec: Write energy=2.1940e-08 J

INFO: Meliso:matVec: Read latency=7.8629e-05 s
INFO: Meliso:matVec: Write latency=3.8859e-05 s
INFO: Meliso:matVec: Read energy=8.3691e-07 J
INFO: Meliso:matVec: Write energy=2.2503e-08 J

INFO: Meliso:matVec: Read latency=8.2561e-05 s
INFO: Meliso:matVec: Write latency=3.9831e-05 s
INFO: Meliso:matVec: Read energy=8.7875e-07 J
INFO: Meliso:matVec: Write energy=2.3066e-08 J

INFO: Meliso:matVec: Read latency=8.6588e-05 s
INFO: Meliso:matVec: Write latency=4.0802e-05 s
INFO: Meliso:matVec: Read energy=9.2160e-07 J
INFO: Meliso:matVec: Write energy=2.3628e-08 J

INFO: Meliso:matVec: Read latency=9.0711e-05 s
INFO: Meliso:matVec: Write latency=4.1774e-05 s
INFO: Meliso:matVec: Read energy=9.6547e-07 J
INFO: Meliso:matVec: Write energy=2.4191e-08 J

INFO: Meliso:matVec: Read latency=9.4931e-05 s
INFO: Meliso:matVec: Write latency=4.2745e-05 s
INFO: Meliso:matVec: Read energy=1.0104e-06 J
INFO: Meliso:matVec: Write energy=2.4753e-08 J

INFO: Meliso:matVec: Read latency=9.9246e-05 s
INFO: Meliso:matVec: Write latency=4.3716e-05 s
INFO: Meliso:matVec: Read energy=1.0563e-06 J
INFO: Meliso:matVec: Write energy=2.5316e-08 J

INFO: Meliso:matVec: Read latency=1.0366e-04 s
INFO: Meliso:matVec: Write latency=4.4688e-05 s
INFO: Meliso:matVec: Read energy=1.1032e-06 J
INFO: Meliso:matVec: Write energy=2.5878e-08 J

INFO: Meliso:matVec: Read latency=1.0816e-04 s
INFO: Meliso:matVec: Write latency=4.5659e-05 s
INFO: Meliso:matVec: Read energy=1.1512e-06 J
INFO: Meliso:matVec: Write energy=2.6441e-08 J

INFO: Meliso:matVec: Read latency=1.1277e-04 s
INFO: Meliso:matVec: Write latency=4.6631e-05 s
INFO: Meliso:matVec: Read energy=1.2001e-06 J
INFO: Meliso:matVec: Write energy=2.7004e-08 J

INFO: Meliso:matVec: Read latency=1.1746e-04 s
INFO: Meliso:matVec: Write latency=4.7602e-05 s
INFO: Meliso:matVec: Read energy=1.2501e-06 J
INFO: Meliso:matVec: Write energy=2.7566e-08 J

INFO: Meliso:matVec: Read latency=1.2226e-04 s
INFO: Meliso:matVec: Write latency=4.8574e-05 s
INFO: Meliso:matVec: Read energy=1.3012e-06 J
INFO: Meliso:matVec: Write energy=2.8129e-08 J

INFO: Meliso:matVec: Read latency=1.2715e-04 s
INFO: Meliso:matVec: Write latency=4.9545e-05 s
INFO: Meliso:matVec: Read energy=1.3532e-06 J
INFO: Meliso:matVec: Write energy=2.8691e-08 J

INFO: Meliso:matVec: Read latency=1.3214e-04 s
INFO: Meliso:matVec: Write latency=5.0517e-05 s
INFO: Meliso:matVec: Read energy=1.4062e-06 J
INFO: Meliso:matVec: Write energy=2.9254e-08 J

INFO: Meliso:matVec: Read latency=1.3722e-04 s
INFO: Meliso:matVec: Write latency=5.1488e-05 s
INFO: Meliso:matVec: Read energy=1.4603e-06 J
INFO: Meliso:matVec: Write energy=2.9816e-08 J

INFO: Meliso:matVec: Read latency=1.4240e-04 s
INFO: Meliso:matVec: Write latency=5.2460e-05 s
INFO: Meliso:matVec: Read energy=1.5154e-06 J
INFO: Meliso:matVec: Write energy=3.0379e-08 J

INFO: Meliso:matVec: Read latency=1.4767e-04 s
INFO: Meliso:matVec: Write latency=5.3431e-05 s
INFO: Meliso:matVec: Read energy=1.5715e-06 J
INFO: Meliso:matVec: Write energy=3.0942e-08 J

INFO: Meliso:matVec: Read latency=1.5304e-04 s
INFO: Meliso:matVec: Write latency=5.4403e-05 s
INFO: Meliso:matVec: Read energy=1.6287e-06 J
INFO: Meliso:matVec: Write energy=3.1504e-08 J

INFO: Meliso:matVec: Read latency=1.5851e-04 s
INFO: Meliso:matVec: Write latency=5.5374e-05 s
INFO: Meliso:matVec: Read energy=1.6868e-06 J
INFO: Meliso:matVec: Write energy=3.2067e-08 J

INFO: Meliso:matVec: Read latency=1.6407e-04 s
INFO: Meliso:matVec: Write latency=5.6346e-05 s
INFO: Meliso:matVec: Read energy=1.7460e-06 J
INFO: Meliso:matVec: Write energy=3.2629e-08 J

INFO: Meliso:matVec: Read latency=1.6972e-04 s
INFO: Meliso:matVec: Write latency=5.7317e-05 s
INFO: Meliso:matVec: Read energy=1.8062e-06 J
INFO: Meliso:matVec: Write energy=3.3192e-08 J

INFO: Meliso:matVec: Read latency=1.7548e-04 s
INFO: Meliso:matVec: Write latency=5.8289e-05 s
INFO: Meliso:matVec: Read energy=1.8674e-06 J
INFO: Meliso:matVec: Write energy=3.3754e-08 J

INFO: Meliso:matVec: Read latency=1.8133e-04 s
INFO: Meliso:matVec: Write latency=5.9260e-05 s
INFO: Meliso:matVec: Read energy=1.9296e-06 J
INFO: Meliso:matVec: Write energy=3.4317e-08 J

INFO: Meliso:matVec: Read latency=1.8727e-04 s
INFO: Meliso:matVec: Write latency=6.0232e-05 s
INFO: Meliso:matVec: Read energy=1.9929e-06 J
INFO: Meliso:matVec: Write energy=3.4880e-08 J

INFO: Meliso:matVec: Read latency=1.9331e-04 s
INFO: Meliso:matVec: Write latency=6.1203e-05 s
INFO: Meliso:matVec: Read energy=2.0572e-06 J
INFO: Meliso:matVec: Write energy=3.5442e-08 J

INFO: Meliso:matVec: Read latency=1.9945e-04 s
INFO: Meliso:matVec: Write latency=6.2175e-05 s
INFO: Meliso:matVec: Read energy=2.1225e-06 J
INFO: Meliso:matVec: Write energy=3.6005e-08 J

INFO: Meliso:matVec: Read latency=2.0568e-04 s
INFO: Meliso:matVec: Write latency=6.3146e-05 s
INFO: Meliso:matVec: Read energy=2.1888e-06 J
INFO: Meliso:matVec: Write energy=3.6567e-08 J

INFO: Meliso:matVec: Read latency=2.1201e-04 s
INFO: Meliso:matVec: Write latency=6.4118e-05 s
INFO: Meliso:matVec: Read energy=2.2561e-06 J
INFO: Meliso:matVec: Write energy=3.7130e-08 J

INFO: Meliso:matVec: Read latency=2.1844e-04 s
INFO: Meliso:matVec: Write latency=6.5089e-05 s
INFO: Meliso:matVec: Read energy=2.3245e-06 J
INFO: Meliso:matVec: Write energy=3.7692e-08 J

INFO: Meliso:matVec: Read latency=2.2496e-04 s
INFO: Meliso:matVec: Write latency=6.6060e-05 s
INFO: Meliso:matVec: Read energy=2.3939e-06 J
INFO: Meliso:matVec: Write energy=3.8255e-08 J

INFO: Meliso:matVec: Read latency=2.3157e-04 s
INFO: Meliso:matVec: Write latency=6.7032e-05 s
INFO: Meliso:matVec: Read energy=2.4643e-06 J
INFO: Meliso:matVec: Write energy=3.8818e-08 J

INFO: Meliso:matVec: Read latency=2.3829e-04 s
INFO: Meliso:matVec: Write latency=6.8003e-05 s
INFO: Meliso:matVec: Read energy=2.5357e-06 J
INFO: Meliso:matVec: Write energy=3.9380e-08 J

INFO: Meliso:matVec: Read latency=2.4509e-04 s
INFO: Meliso:matVec: Write latency=6.8975e-05 s
INFO: Meliso:matVec: Read energy=2.6081e-06 J
INFO: Meliso:matVec: Write energy=3.9943e-08 J

INFO: Meliso:matVec: Read latency=2.5200e-04 s
INFO: Meliso:matVec: Write latency=6.9946e-05 s
INFO: Meliso:matVec: Read energy=2.6816e-06 J
INFO: Meliso:matVec: Write energy=4.0505e-08 J

INFO: Meliso:matVec: Read latency=2.5900e-04 s
INFO: Meliso:matVec: Write latency=7.0918e-05 s
INFO: Meliso:matVec: Read energy=2.7561e-06 J
INFO: Meliso:matVec: Write energy=4.1068e-08 J

INFO: Meliso:matVec: Read latency=2.6609e-04 s
INFO: Meliso:matVec: Write latency=7.1889e-05 s
INFO: Meliso:matVec: Read energy=2.8316e-06 J
INFO: Meliso:matVec: Write energy=4.1630e-08 J

INFO: Meliso:matVec: Read latency=2.7328e-04 s
INFO: Meliso:matVec: Write latency=7.2861e-05 s
INFO: Meliso:matVec: Read energy=2.9081e-06 J
INFO: Meliso:matVec: Write energy=4.2193e-08 J

INFO: Meliso:matVec: Read latency=2.8057e-04 s
INFO: Meliso:matVec: Write latency=7.3832e-05 s
INFO: Meliso:matVec: Read energy=2.9857e-06 J
INFO: Meliso:matVec: Write energy=4.2756e-08 J

INFO: Meliso:matVec: Read latency=2.8796e-04 s
INFO: Meliso:matVec: Write latency=7.4804e-05 s
INFO: Meliso:matVec: Read energy=3.0642e-06 J
INFO: Meliso:matVec: Write energy=4.3318e-08 J

INFO: Meliso:matVec: Read latency=2.9544e-04 s
INFO: Meliso:matVec: Write latency=7.5775e-05 s
INFO: Meliso:matVec: Read energy=3.1438e-06 J
INFO: Meliso:matVec: Write energy=4.3881e-08 J

INFO: Meliso:matVec: Read latency=3.0301e-04 s
INFO: Meliso:matVec: Write latency=7.6747e-05 s
INFO: Meliso:matVec: Read energy=3.2244e-06 J
INFO: Meliso:matVec: Write energy=4.4443e-08 J

INFO: Meliso:matVec: Read latency=3.1068e-04 s
INFO: Meliso:matVec: Write latency=7.7718e-05 s
INFO: Meliso:matVec: Read energy=3.3061e-06 J
INFO: Meliso:matVec: Write energy=4.5006e-08 J

INFO: Meliso:matVec: Read latency=3.1845e-04 s
INFO: Meliso:matVec: Write latency=7.8690e-05 s
INFO: Meliso:matVec: Read energy=3.3887e-06 J
INFO: Meliso:matVec: Write energy=4.5568e-08 J

INFO: Meliso:matVec: Read latency=3.2631e-04 s
INFO: Meliso:matVec: Write latency=7.9661e-05 s
INFO: Meliso:matVec: Read energy=3.4724e-06 J
INFO: Meliso:matVec: Write energy=4.6131e-08 J

INFO: Meliso:matVec: Read latency=3.3427e-04 s
INFO: Meliso:matVec: Write latency=8.0633e-05 s
INFO: Meliso:matVec: Read energy=3.5571e-06 J
INFO: Meliso:matVec: Write energy=4.6694e-08 J

INFO: Meliso:matVec: Read latency=3.4233e-04 s
INFO: Meliso:matVec: Write latency=8.1604e-05 s
INFO: Meliso:matVec: Read energy=3.6428e-06 J
INFO: Meliso:matVec: Write energy=4.7256e-08 J

INFO: Meliso:matVec: Read latency=3.5048e-04 s
INFO: Meliso:matVec: Write latency=8.2576e-05 s
INFO: Meliso:matVec: Read energy=3.7295e-06 J
INFO: Meliso:matVec: Write energy=4.7819e-08 J

INFO: Meliso:matVec: Read latency=3.5872e-04 s
INFO: Meliso:matVec: Write latency=8.3547e-05 s
INFO: Meliso:matVec: Read energy=3.8173e-06 J
INFO: Meliso:matVec: Write energy=4.8381e-08 J

INFO: Meliso:matVec: Read latency=3.6706e-04 s
INFO: Meliso:matVec: Write latency=8.4519e-05 s
INFO: Meliso:matVec: Read energy=3.9060e-06 J
INFO: Meliso:matVec: Write energy=4.8944e-08 J

INFO: Meliso:matVec: Read latency=3.7550e-04 s
INFO: Meliso:matVec: Write latency=8.5490e-05 s
INFO: Meliso:matVec: Read energy=3.9958e-06 J
INFO: Meliso:matVec: Write energy=4.9506e-08 J

INFO: Meliso:matVec: Read latency=3.8404e-04 s
INFO: Meliso:matVec: Write latency=8.6461e-05 s
INFO: Meliso:matVec: Read energy=4.0866e-06 J
INFO: Meliso:matVec: Write energy=5.0069e-08 J

INFO: Meliso:matVec: Read latency=3.9267e-04 s
INFO: Meliso:matVec: Write latency=8.7433e-05 s
INFO: Meliso:matVec: Read energy=4.1785e-06 J
INFO: Meliso:matVec: Write energy=5.0632e-08 J

INFO: Meliso:matVec: Read latency=4.0139e-04 s
INFO: Meliso:matVec: Write latency=8.8404e-05 s
INFO: Meliso:matVec: Read energy=4.2713e-06 J
INFO: Meliso:matVec: Write energy=5.1194e-08 J

INFO: Meliso:matVec: Read latency=4.1021e-04 s
INFO: Meliso:matVec: Write latency=8.9376e-05 s
INFO: Meliso:matVec: Read energy=4.3652e-06 J
INFO: Meliso:matVec: Write energy=5.1757e-08 J

INFO: Meliso:matVec: Read latency=4.1913e-04 s
INFO: Meliso:matVec: Write latency=9.0347e-05 s
INFO: Meliso:matVec: Read energy=4.4601e-06 J
INFO: Meliso:matVec: Write energy=5.2319e-08 J

INFO: Meliso:matVec: Read latency=4.2815e-04 s
INFO: Meliso:matVec: Write latency=9.1319e-05 s
INFO: Meliso:matVec: Read energy=4.5560e-06 J
INFO: Meliso:matVec: Write energy=5.2882e-08 J

INFO: Meliso:matVec: Read latency=4.3726e-04 s
INFO: Meliso:matVec: Write latency=9.2290e-05 s
INFO: Meliso:matVec: Read energy=4.6529e-06 J
INFO: Meliso:matVec: Write energy=5.3444e-08 J

INFO: Meliso:matVec: Read latency=4.4646e-04 s
INFO: Meliso:matVec: Write latency=9.3262e-05 s
INFO: Meliso:matVec: Read energy=4.7508e-06 J
INFO: Meliso:matVec: Write energy=5.4007e-08 J

INFO: Meliso:matVec: Read latency=4.5576e-04 s
INFO: Meliso:matVec: Write latency=9.4233e-05 s
INFO: Meliso:matVec: Read energy=4.8498e-06 J
INFO: Meliso:matVec: Write energy=5.4570e-08 J

INFO: Meliso:matVec: Read latency=4.6516e-04 s
INFO: Meliso:matVec: Write latency=9.5205e-05 s
INFO: Meliso:matVec: Read energy=4.9498e-06 J
INFO: Meliso:matVec: Write energy=5.5132e-08 J

INFO: Meliso:matVec: Read latency=4.7465e-04 s
INFO: Meliso:matVec: Write latency=9.6176e-05 s
INFO: Meliso:matVec: Read energy=5.0508e-06 J
INFO: Meliso:matVec: Write energy=5.5695e-08 J

INFO: Meliso:matVec: Read latency=4.8424e-04 s
INFO: Meliso:matVec: Write latency=9.7148e-05 s
INFO: Meliso:matVec: Read energy=5.1528e-06 J
INFO: Meliso:matVec: Write energy=5.6257e-08 J

INFO: Meliso:matVec: Read latency=4.9393e-04 s
INFO: Meliso:matVec: Write latency=9.8119e-05 s
INFO: Meliso:matVec: Read energy=5.2559e-06 J
INFO: Meliso:matVec: Write energy=5.6820e-08 J

INFO: Meliso:matVec: Read latency=5.0371e-04 s
INFO: Meliso:matVec: Write latency=9.9091e-05 s
INFO: Meliso:matVec: Read energy=5.3600e-06 J
INFO: Meliso:matVec: Write energy=5.7382e-08 J

INFO: Meliso:matVec: Read latency=5.1358e-04 s
INFO: Meliso:matVec: Write latency=1.0006e-04 s
INFO: Meliso:matVec: Read energy=5.4651e-06 J
INFO: Meliso:matVec: Write energy=5.7945e-08 J

INFO: Meliso:matVec: Read latency=5.2356e-04 s
INFO: Meliso:matVec: Write latency=1.0103e-04 s
INFO: Meliso:matVec: Read energy=5.5712e-06 J
INFO: Meliso:matVec: Write energy=5.8508e-08 J

INFO: Meliso:matVec: Read latency=5.3362e-04 s
INFO: Meliso:matVec: Write latency=1.0201e-04 s
INFO: Meliso:matVec: Read energy=5.6783e-06 J
INFO: Meliso:matVec: Write energy=5.9070e-08 J

INFO: Meliso:matVec: Read latency=5.4379e-04 s
INFO: Meliso:matVec: Write latency=1.0298e-04 s
INFO: Meliso:matVec: Read energy=5.7864e-06 J
INFO: Meliso:matVec: Write energy=5.9633e-08 J

INFO: Meliso:matVec: Read latency=5.5405e-04 s
INFO: Meliso:matVec: Write latency=1.0395e-04 s
INFO: Meliso:matVec: Read energy=5.8956e-06 J
INFO: Meliso:matVec: Write energy=6.0195e-08 J

INFO: Meliso:matVec: Read latency=5.6441e-04 s
INFO: Meliso:matVec: Write latency=1.0492e-04 s
INFO: Meliso:matVec: Read energy=6.0058e-06 J
INFO: Meliso:matVec: Write energy=6.0758e-08 J

INFO: Meliso:matVec: Read latency=5.7486e-04 s
INFO: Meliso:matVec: Write latency=1.0589e-04 s
INFO: Meliso:matVec: Read energy=6.1170e-06 J
INFO: Meliso:matVec: Write energy=6.1321e-08 J

INFO: Meliso:matVec: Read latency=5.8540e-04 s
INFO: Meliso:matVec: Write latency=1.0686e-04 s
INFO: Meliso:matVec: Read energy=6.2292e-06 J
INFO: Meliso:matVec: Write energy=6.1883e-08 J

INFO: Meliso:matVec: Read latency=5.9605e-04 s
INFO: Meliso:matVec: Write latency=1.0783e-04 s
INFO: Meliso:matVec: Read energy=6.3425e-06 J
INFO: Meliso:matVec: Write energy=6.2446e-08 J

INFO: Meliso:matVec: Read latency=6.0679e-04 s
INFO: Meliso:matVec: Write latency=1.0881e-04 s
INFO: Meliso:matVec: Read energy=6.4568e-06 J
INFO: Meliso:matVec: Write energy=6.3008e-08 J

INFO: Meliso:matVec: Read latency=6.1762e-04 s
INFO: Meliso:matVec: Write latency=1.0978e-04 s
INFO: Meliso:matVec: Read energy=6.5720e-06 J
INFO: Meliso:matVec: Write energy=6.3571e-08 J

INFO: Meliso:matVec: Read latency=6.2856e-04 s
INFO: Meliso:matVec: Write latency=1.1075e-04 s
INFO: Meliso:matVec: Read energy=6.6884e-06 J
INFO: Meliso:matVec: Write energy=6.4133e-08 J

INFO: Meliso:matVec: Read latency=6.3958e-04 s
INFO: Meliso:matVec: Write latency=1.1172e-04 s
INFO: Meliso:matVec: Read energy=6.8057e-06 J
INFO: Meliso:matVec: Write energy=6.4696e-08 J

INFO: Meliso:matVec: Read latency=6.5071e-04 s
INFO: Meliso:matVec: Write latency=1.1269e-04 s
INFO: Meliso:matVec: Read energy=6.9240e-06 J
INFO: Meliso:matVec: Write energy=6.5259e-08 J

INFO: Meliso:matVec: Read latency=6.6192e-04 s
INFO: Meliso:matVec: Write latency=1.1366e-04 s
INFO: Meliso:matVec: Read energy=7.0434e-06 J
INFO: Meliso:matVec: Write energy=6.5821e-08 J

INFO: Meliso:matVec: Read latency=6.7324e-04 s
INFO: Meliso:matVec: Write latency=1.1463e-04 s
INFO: Meliso:matVec: Read energy=7.1638e-06 J
INFO: Meliso:matVec: Write energy=6.6384e-08 J

INFO: Meliso:matVec: Read latency=6.8465e-04 s
INFO: Meliso:matVec: Write latency=1.1561e-04 s
INFO: Meliso:matVec: Read energy=7.2852e-06 J
INFO: Meliso:matVec: Write energy=6.6946e-08 J

INFO: Meliso:matVec: Read latency=6.9616e-04 s
INFO: Meliso:matVec: Write latency=1.1658e-04 s
INFO: Meliso:matVec: Read energy=7.4076e-06 J
INFO: Meliso:matVec: Write energy=6.7509e-08 J

INFO: Meliso:matVec: Read latency=7.0776e-04 s
INFO: Meliso:matVec: Write latency=1.1755e-04 s
INFO: Meliso:matVec: Read energy=7.5311e-06 J
INFO: Meliso:matVec: Write energy=6.8071e-08 J

INFO: Meliso:matVec: Read latency=7.1946e-04 s
INFO: Meliso:matVec: Write latency=1.1852e-04 s
INFO: Meliso:matVec: Read energy=7.6556e-06 J
INFO: Meliso:matVec: Write energy=6.8634e-08 J

INFO: Meliso:matVec: Read latency=7.3125e-04 s
INFO: Meliso:matVec: Write latency=1.1949e-04 s
INFO: Meliso:matVec: Read energy=7.7810e-06 J
INFO: Meliso:matVec: Write energy=6.9197e-08 J

INFO: Meliso:matVec: Read latency=7.4314e-04 s
INFO: Meliso:matVec: Write latency=1.2046e-04 s
INFO: Meliso:matVec: Read energy=7.9076e-06 J
INFO: Meliso:matVec: Write energy=6.9759e-08 J

INFO: Meliso:matVec: Read latency=7.5513e-04 s
INFO: Meliso:matVec: Write latency=1.2143e-04 s
INFO: Meliso:matVec: Read energy=8.0351e-06 J
INFO: Meliso:matVec: Write energy=7.0322e-08 J

INFO: Meliso:matVec: Read latency=7.6721e-04 s
INFO: Meliso:matVec: Write latency=1.2241e-04 s
INFO: Meliso:matVec: Read energy=8.1636e-06 J
INFO: Meliso:matVec: Write energy=7.0884e-08 J

INFO: Meliso:matVec: Read latency=7.7939e-04 s
INFO: Meliso:matVec: Write latency=1.2338e-04 s
INFO: Meliso:matVec: Read energy=8.2932e-06 J
INFO: Meliso:matVec: Write energy=7.1447e-08 J

INFO: Meliso:matVec: Read latency=7.9166e-04 s
INFO: Meliso:matVec: Write latency=1.2435e-04 s
INFO: Meliso:matVec: Read energy=8.4238e-06 J
INFO: Meliso:matVec: Write energy=7.2009e-08 J

INFO: Meliso:matVec: Read latency=8.0403e-04 s
INFO: Meliso:matVec: Write latency=1.2532e-04 s
INFO: Meliso:matVec: Read energy=8.5554e-06 J
INFO: Meliso:matVec: Write energy=7.2572e-08 J

INFO: Meliso:matVec: Read latency=8.1650e-04 s
INFO: Meliso:matVec: Write latency=1.2629e-04 s
INFO: Meliso:matVec: Read energy=8.6880e-06 J
INFO: Meliso:matVec: Write energy=7.3135e-08 J

INFO: Meliso:matVec: Read latency=8.2906e-04 s
INFO: Meliso:matVec: Write latency=1.2726e-04 s
INFO: Meliso:matVec: Read energy=8.8217e-06 J
INFO: Meliso:matVec: Write energy=7.3697e-08 J

INFO: Meliso:matVec: Read latency=8.4172e-04 s
INFO: Meliso:matVec: Write latency=1.2824e-04 s
INFO: Meliso:matVec: Read energy=8.9564e-06 J
INFO: Meliso:matVec: Write energy=7.4260e-08 J

INFO: Meliso:matVec: Read latency=8.5447e-04 s
INFO: Meliso:matVec: Write latency=1.3004e-04 s
INFO: Meliso:matVec: Read energy=9.0922e-06 J
INFO: Meliso:matVec: Write energy=7.4980e-08 J

INFO: Meliso:matVec: Read latency=8.6732e-04 s
INFO: Meliso:matVec: Write latency=1.3184e-04 s
INFO: Meliso:matVec: Read energy=9.2291e-06 J
INFO: Meliso:matVec: Write energy=7.5701e-08 J

INFO: Meliso:matVec: Read latency=8.8026e-04 s
INFO: Meliso:matVec: Write latency=1.3364e-04 s
INFO: Meliso:matVec: Read energy=9.3672e-06 J
INFO: Meliso:matVec: Write energy=7.6422e-08 J

INFO: Meliso:matVec: Read latency=8.9331e-04 s
INFO: Meliso:matVec: Write latency=1.3544e-04 s
INFO: Meliso:matVec: Read energy=9.5064e-06 J
INFO: Meliso:matVec: Write energy=7.7143e-08 J

INFO: Meliso:matVec: Read latency=9.0644e-04 s
INFO: Meliso:matVec: Write latency=1.3724e-04 s
INFO: Meliso:matVec: Read energy=9.6468e-06 J
INFO: Meliso:matVec: Write energy=7.7864e-08 J

INFO: Meliso:matVec: Read latency=9.1968e-04 s
INFO: Meliso:matVec: Write latency=1.3904e-04 s
INFO: Meliso:matVec: Read energy=9.7883e-06 J
INFO: Meliso:matVec: Write energy=7.8584e-08 J

INFO: Meliso:matVec: Read latency=9.3300e-04 s
INFO: Meliso:matVec: Write latency=1.4084e-04 s
INFO: Meliso:matVec: Read energy=9.9309e-06 J
INFO: Meliso:matVec: Write energy=7.9305e-08 J

INFO: Meliso:matVec: Read latency=9.4643e-04 s
INFO: Meliso:matVec: Write latency=1.4264e-04 s
INFO: Meliso:matVec: Read energy=1.0075e-05 J
INFO: Meliso:matVec: Write energy=8.0026e-08 J

INFO: Meliso:matVec: Read latency=9.5995e-04 s
INFO: Meliso:matVec: Write latency=1.4444e-04 s
INFO: Meliso:matVec: Read energy=1.0220e-05 J
INFO: Meliso:matVec: Write energy=8.0747e-08 J

INFO: Meliso:matVec: Read latency=9.7357e-04 s
INFO: Meliso:matVec: Write latency=1.4624e-04 s
INFO: Meliso:matVec: Read energy=1.0366e-05 J
INFO: Meliso:matVec: Write energy=8.1467e-08 J

INFO: Meliso:matVec: Read latency=9.8728e-04 s
INFO: Meliso:matVec: Write latency=1.4804e-04 s
INFO: Meliso:matVec: Read energy=1.0513e-05 J
INFO: Meliso:matVec: Write energy=8.2188e-08 J

INFO: Meliso:matVec: Read latency=1.0011e-03 s
INFO: Meliso:matVec: Write latency=1.4984e-04 s
INFO: Meliso:matVec: Read energy=1.0661e-05 J
INFO: Meliso:matVec: Write energy=8.2909e-08 J

INFO: Meliso:matVec: Read latency=1.0150e-03 s
INFO: Meliso:matVec: Write latency=1.5164e-04 s
INFO: Meliso:matVec: Read energy=1.0811e-05 J
INFO: Meliso:matVec: Write energy=8.3630e-08 J

INFO: Meliso:matVec: Read latency=1.0290e-03 s
INFO: Meliso:matVec: Write latency=1.5344e-04 s
INFO: Meliso:matVec: Read energy=1.0961e-05 J
INFO: Meliso:matVec: Write energy=8.4350e-08 J

INFO: Meliso:matVec: Read latency=1.0431e-03 s
INFO: Meliso:matVec: Write latency=1.5524e-04 s
INFO: Meliso:matVec: Read energy=1.1113e-05 J
INFO: Meliso:matVec: Write energy=8.5071e-08 J

INFO: Meliso:matVec: Read latency=1.0573e-03 s
INFO: Meliso:matVec: Write latency=1.5704e-04 s
INFO: Meliso:matVec: Read energy=1.1266e-05 J
INFO: Meliso:matVec: Write energy=8.5792e-08 J

INFO: Meliso:matVec: Read latency=1.0716e-03 s
INFO: Meliso:matVec: Write latency=1.5884e-04 s
INFO: Meliso:matVec: Read energy=1.1420e-05 J
INFO: Meliso:matVec: Write energy=8.6513e-08 J

INFO: Meliso:matVec: Read latency=1.0859e-03 s
INFO: Meliso:matVec: Write latency=1.6064e-04 s
INFO: Meliso:matVec: Read energy=1.1575e-05 J
INFO: Meliso:matVec: Write energy=8.7234e-08 J

INFO: Meliso:matVec: Read latency=1.1004e-03 s
INFO: Meliso:matVec: Write latency=1.6244e-04 s
INFO: Meliso:matVec: Read energy=1.1731e-05 J
INFO: Meliso:matVec: Write energy=8.7954e-08 J

INFO: Meliso:matVec: Read latency=1.1150e-03 s
INFO: Meliso:matVec: Write latency=1.6424e-04 s
INFO: Meliso:matVec: Read energy=1.1889e-05 J
INFO: Meliso:matVec: Write energy=8.8675e-08 J

INFO: Meliso:matVec: Read latency=1.1297e-03 s
INFO: Meliso:matVec: Write latency=1.6604e-04 s
INFO: Meliso:matVec: Read energy=1.2047e-05 J
INFO: Meliso:matVec: Write energy=8.9396e-08 J

INFO: Meliso:matVec: Read latency=1.1444e-03 s
INFO: Meliso:matVec: Write latency=1.6784e-04 s
INFO: Meliso:matVec: Read energy=1.2207e-05 J
INFO: Meliso:matVec: Write energy=9.0117e-08 J

INFO: Meliso:matVec: Read latency=1.1593e-03 s
INFO: Meliso:matVec: Write latency=1.6964e-04 s
INFO: Meliso:matVec: Read energy=1.2368e-05 J
INFO: Meliso:matVec: Write energy=9.0837e-08 J

INFO: Meliso:matVec: Read latency=1.1743e-03 s
INFO: Meliso:matVec: Write latency=1.7144e-04 s
INFO: Meliso:matVec: Read energy=1.2530e-05 J
INFO: Meliso:matVec: Write energy=9.1558e-08 J

INFO: Meliso:matVec: Read latency=1.1893e-03 s
INFO: Meliso:matVec: Write latency=1.7324e-04 s
INFO: Meliso:matVec: Read energy=1.2693e-05 J
INFO: Meliso:matVec: Write energy=9.2279e-08 J

INFO: Meliso:matVec: Read latency=1.2045e-03 s
INFO: Meliso:matVec: Write latency=1.7504e-04 s
INFO: Meliso:matVec: Read energy=1.2857e-05 J
INFO: Meliso:matVec: Write energy=9.3000e-08 J

INFO: Meliso:matVec: Read latency=1.2197e-03 s
INFO: Meliso:matVec: Write latency=1.7684e-04 s
INFO: Meliso:matVec: Read energy=1.3023e-05 J
INFO: Meliso:matVec: Write energy=9.3720e-08 J

INFO: Meliso:matVec: Read latency=1.2351e-03 s
INFO: Meliso:matVec: Write latency=1.7865e-04 s
INFO: Meliso:matVec: Read energy=1.3189e-05 J
INFO: Meliso:matVec: Write energy=9.4441e-08 J

INFO: Meliso:matVec: Read latency=1.2505e-03 s
INFO: Meliso:matVec: Write latency=1.8045e-04 s
INFO: Meliso:matVec: Read energy=1.3357e-05 J
INFO: Meliso:matVec: Write energy=9.5162e-08 J

INFO: Meliso:matVec: Read latency=1.2660e-03 s
INFO: Meliso:matVec: Write latency=1.8225e-04 s
INFO: Meliso:matVec: Read energy=1.3526e-05 J
INFO: Meliso:matVec: Write energy=9.5883e-08 J

INFO: Meliso:matVec: Read latency=1.2817e-03 s
INFO: Meliso:matVec: Write latency=1.8405e-04 s
INFO: Meliso:matVec: Read energy=1.3696e-05 J
INFO: Meliso:matVec: Write energy=9.6603e-08 J

INFO: Meliso:matVec: Read latency=1.2974e-03 s
INFO: Meliso:matVec: Write latency=1.8585e-04 s
INFO: Meliso:matVec: Read energy=1.3867e-05 J
INFO: Meliso:matVec: Write energy=9.7324e-08 J

INFO: Meliso:matVec: Read latency=1.3132e-03 s
INFO: Meliso:matVec: Write latency=1.8765e-04 s
INFO: Meliso:matVec: Read energy=1.4039e-05 J
INFO: Meliso:matVec: Write energy=9.8045e-08 J

INFO: Meliso:matVec: Read latency=1.3291e-03 s
INFO: Meliso:matVec: Write latency=1.8945e-04 s
INFO: Meliso:matVec: Read energy=1.4212e-05 J
INFO: Meliso:matVec: Write energy=9.8766e-08 J

INFO: Meliso:matVec: Read latency=1.3451e-03 s
INFO: Meliso:matVec: Write latency=1.9125e-04 s
INFO: Meliso:matVec: Read energy=1.4387e-05 J
INFO: Meliso:matVec: Write energy=9.9487e-08 J

INFO: Meliso:matVec: Read latency=1.3612e-03 s
INFO: Meliso:matVec: Write latency=1.9305e-04 s
INFO: Meliso:matVec: Read energy=1.4562e-05 J
INFO: Meliso:matVec: Write energy=1.0021e-07 J

INFO: Meliso:matVec: Read latency=1.3775e-03 s
INFO: Meliso:matVec: Write latency=1.9485e-04 s
INFO: Meliso:matVec: Read energy=1.4739e-05 J
INFO: Meliso:matVec: Write energy=1.0093e-07 J

INFO: Meliso:matVec: Read latency=1.3938e-03 s
INFO: Meliso:matVec: Write latency=1.9665e-04 s
INFO: Meliso:matVec: Read energy=1.4917e-05 J
INFO: Meliso:matVec: Write energy=1.0165e-07 J

INFO: Meliso:matVec: Read latency=1.4101e-03 s
INFO: Meliso:matVec: Write latency=1.9845e-04 s
INFO: Meliso:matVec: Read energy=1.5096e-05 J
INFO: Meliso:matVec: Write energy=1.0237e-07 J

INFO: Meliso:matVec: Read latency=1.4266e-03 s
INFO: Meliso:matVec: Write latency=2.0025e-04 s
INFO: Meliso:matVec: Read energy=1.5276e-05 J
INFO: Meliso:matVec: Write energy=1.0309e-07 J

INFO: Meliso:matVec: Read latency=1.4432e-03 s
INFO: Meliso:matVec: Write latency=2.0205e-04 s
INFO: Meliso:matVec: Read energy=1.5458e-05 J
INFO: Meliso:matVec: Write energy=1.0381e-07 J

INFO: Meliso:matVec: Read latency=1.4599e-03 s
INFO: Meliso:matVec: Write latency=2.0385e-04 s
INFO: Meliso:matVec: Read energy=1.5640e-05 J
INFO: Meliso:matVec: Write energy=1.0453e-07 J

INFO: Meliso:matVec: Read latency=1.4767e-03 s
INFO: Meliso:matVec: Write latency=2.0565e-04 s
INFO: Meliso:matVec: Read energy=1.5824e-05 J
INFO: Meliso:matVec: Write energy=1.0525e-07 J

INFO: Meliso:matVec: Read latency=1.4936e-03 s
INFO: Meliso:matVec: Write latency=2.0745e-04 s
INFO: Meliso:matVec: Read energy=1.6008e-05 J
INFO: Meliso:matVec: Write energy=1.0597e-07 J

INFO: Meliso:matVec: Read latency=1.5105e-03 s
INFO: Meliso:matVec: Write latency=2.0925e-04 s
INFO: Meliso:matVec: Read energy=1.6194e-05 J
INFO: Meliso:matVec: Write energy=1.0669e-07 J

INFO: Meliso:matVec: Read latency=1.5276e-03 s
INFO: Meliso:matVec: Write latency=2.1105e-04 s
INFO: Meliso:matVec: Read energy=1.6381e-05 J
INFO: Meliso:matVec: Write energy=1.0741e-07 J

INFO: Meliso:matVec: Read latency=1.5448e-03 s
INFO: Meliso:matVec: Write latency=2.1285e-04 s
INFO: Meliso:matVec: Read energy=1.6569e-05 J
INFO: Meliso:matVec: Write energy=1.0814e-07 J

INFO: Meliso:matVec: Read latency=1.5620e-03 s
INFO: Meliso:matVec: Write latency=2.1465e-04 s
INFO: Meliso:matVec: Read energy=1.6759e-05 J
INFO: Meliso:matVec: Write energy=1.0886e-07 J

INFO: Meliso:matVec: Read latency=1.5794e-03 s
INFO: Meliso:matVec: Write latency=2.1645e-04 s
INFO: Meliso:matVec: Read energy=1.6949e-05 J
INFO: Meliso:matVec: Write energy=1.0958e-07 J

INFO: Meliso:matVec: Read latency=1.5968e-03 s
INFO: Meliso:matVec: Write latency=2.1825e-04 s
INFO: Meliso:matVec: Read energy=1.7141e-05 J
INFO: Meliso:matVec: Write energy=1.1030e-07 J

INFO: Meliso:matVec: Read latency=1.6144e-03 s
INFO: Meliso:matVec: Write latency=2.2005e-04 s
INFO: Meliso:matVec: Read energy=1.7333e-05 J
INFO: Meliso:matVec: Write energy=1.1102e-07 J

INFO: Meliso:matVec: Read latency=1.6320e-03 s
INFO: Meliso:matVec: Write latency=2.2185e-04 s
INFO: Meliso:matVec: Read energy=1.7527e-05 J
INFO: Meliso:matVec: Write energy=1.1174e-07 J

INFO: Meliso:matVec: Read latency=1.6498e-03 s
INFO: Meliso:matVec: Write latency=2.2365e-04 s
INFO: Meliso:matVec: Read energy=1.7722e-05 J
INFO: Meliso:matVec: Write energy=1.1246e-07 J

INFO: Meliso:matVec: Read latency=1.6676e-03 s
INFO: Meliso:matVec: Write latency=2.2545e-04 s
INFO: Meliso:matVec: Read energy=1.7918e-05 J
INFO: Meliso:matVec: Write energy=1.1318e-07 J

INFO: Meliso:matVec: Read latency=1.6855e-03 s
INFO: Meliso:matVec: Write latency=2.2726e-04 s
INFO: Meliso:matVec: Read energy=1.8115e-05 J
INFO: Meliso:matVec: Write energy=1.1390e-07 J

INFO: Meliso:matVec: Read latency=1.7036e-03 s
INFO: Meliso:matVec: Write latency=2.2906e-04 s
INFO: Meliso:matVec: Read energy=1.8314e-05 J
INFO: Meliso:matVec: Write energy=1.1462e-07 J

INFO: Meliso:matVec: Read latency=1.7217e-03 s
INFO: Meliso:matVec: Write latency=2.3086e-04 s
INFO: Meliso:matVec: Read energy=1.8513e-05 J
INFO: Meliso:matVec: Write energy=1.1534e-07 J

INFO: Meliso:matVec: Read latency=1.7399e-03 s
INFO: Meliso:matVec: Write latency=2.3266e-04 s
INFO: Meliso:matVec: Read energy=1.8714e-05 J
INFO: Meliso:matVec: Write energy=1.1606e-07 J

INFO: Meliso:matVec: Read latency=1.7582e-03 s
INFO: Meliso:matVec: Write latency=2.3446e-04 s
INFO: Meliso:matVec: Read energy=1.8916e-05 J
INFO: Meliso:matVec: Write energy=1.1678e-07 J

INFO: Meliso:matVec: Read latency=1.7766e-03 s
INFO: Meliso:matVec: Write latency=2.3626e-04 s
INFO: Meliso:matVec: Read energy=1.9119e-05 J
INFO: Meliso:matVec: Write energy=1.1751e-07 J

INFO: Meliso:matVec: Read latency=1.7951e-03 s
INFO: Meliso:matVec: Write latency=2.3806e-04 s
INFO: Meliso:matVec: Read energy=1.9323e-05 J
INFO: Meliso:matVec: Write energy=1.1823e-07 J

INFO: Meliso:matVec: Read latency=1.8137e-03 s
INFO: Meliso:matVec: Write latency=2.3986e-04 s
INFO: Meliso:matVec: Read energy=1.9528e-05 J
INFO: Meliso:matVec: Write energy=1.1895e-07 J

INFO: Meliso:matVec: Read latency=1.8324e-03 s
INFO: Meliso:matVec: Write latency=2.4166e-04 s
INFO: Meliso:matVec: Read energy=1.9734e-05 J
INFO: Meliso:matVec: Write energy=1.1967e-07 J

INFO: Meliso:matVec: Read latency=1.8512e-03 s
INFO: Meliso:matVec: Write latency=2.4346e-04 s
INFO: Meliso:matVec: Read energy=1.9942e-05 J
INFO: Meliso:matVec: Write energy=1.2039e-07 J

INFO: Meliso:matVec: Read latency=1.8701e-03 s
INFO: Meliso:matVec: Write latency=2.4526e-04 s
INFO: Meliso:matVec: Read energy=2.0151e-05 J
INFO: Meliso:matVec: Write energy=1.2111e-07 J

INFO: Meliso:matVec: Read latency=1.8891e-03 s
INFO: Meliso:matVec: Write latency=2.4706e-04 s
INFO: Meliso:matVec: Read energy=2.0360e-05 J
INFO: Meliso:matVec: Write energy=1.2183e-07 J

INFO: Meliso:matVec: Read latency=1.9082e-03 s
INFO: Meliso:matVec: Write latency=2.4886e-04 s
INFO: Meliso:matVec: Read energy=2.0571e-05 J
INFO: Meliso:matVec: Write energy=1.2255e-07 J
/home/luciusvo/meliso/src/core/RootMCA.py:161: RuntimeWarning: invalid value encountered in divide
  mat /= mat_max

Experiment Configuration:
{'turnOnHardware': 1, 'turnOnScaling': 0, 'errCorr': 1, 'matrix_name': 'bcsstk02', 'matrix_file': 'inputs/matrices/bcsstk02.mtx', 'distributed': {'decomposition_dir': '/tmp/', 'mca_rows': 1, 'mca_cols': 1}}
Adding zero row padding of size (63,5)
Adding zero col padding of size (66,61)
Adding zero col padding of size (61,1)

Multiplication Result: 
[10.    3.    2.25]
Adding zero row padding of size (63,5)
Adding zero col padding of size (66,61)
WARNING: The X vector rows 3 are not the same as Original Matrix Columns 5
Adding zero col padding of size (61,1)
Traceback (most recent call last):
  File "PowerIteration.py", line 82, in <module>
    main()
  File "PowerIteration.py", line 73, in main
    dominant_eigenvalue = power_solver.solve()
  File "PowerIteration.py", line 47, in solve
    Ax_new = self._compute_matvec(self.A, x_new)
  File "PowerIteration.py", line 29, in _compute_matvec
    self.mv_solver.matVec(correction=True)
  File "/home/luciusvo/meliso/solver/matvec/MatVecSolver.py", line 40, in matVec
    self.solverObject.parallelMatVec(correction=correction)
  File "/home/luciusvo/meliso/solver/matvec/Root.py", line 210, in parallelMatVec
    self.virtualParallelMatVec(i, j)
  File "/home/luciusvo/meliso/solver/matvec/Root.py", line 191, in virtualParallelMatVec
    self.mca.setX(self.virtualizer[i,j]["x"])
  File "/home/luciusvo/meliso/src/core/RootMCA.py", line 145, in setX
    raise Exception("The Padded X vector rows {} exceed Padded Matrix Columns {}".format(
Exception: The Padded X vector rows 64 exceed Padded Matrix Columns 66
