[INFO] Setting up the environment...
[INFO] Environment setup complete.
[INFO] Starting experiment execution...
[INFO] RUNNING: Material='EpiRAM', Exp_ID='1', Iter_Limit='21', Repetition='1'
[INFO] Executing 'mpiexec' ...
[INFO]   - Config File: config_files/quickstart/EpiRAM/exp1.yaml
[INFO]   - Report File: reports/MLP/EpiRAM/exp1_iter_21_rep_1.txt
INFO: Meliso:Constructor: Total SubArray (synaptic core) area=5.0808e-09 m^2
INFO: Meliso:Constructor: Total Neuron (neuron peripheries) area=5.4406e-09 m^2
INFO: Meliso:Constructor: Total area=1.0521e-08 m^2
INFO: Meliso:Constructor: Leakage power of subArrayIH is : 7.1366e-05 W
INFO: Meliso:Constructor: Leakage power of NeuronIH is : 6.5594e-05 W
INFO: Meliso:Constructor: Total leakage power of subArray is : 7.1366e-05 W
INFO: Meliso:Constructor: Total leakage power of Neuron is : 6.5594e-05 W
No input vector provided, loading from default path...


Experiment Configuration
{'turnOnHardware': 1, 'turnOnScaling': 0, 'matrix_name': 'bcsstk02', 'matrix_file': 'inputs/matrices/bcsstk02.mtx', 'distributed': {'decomposition_dir': '/tmp/', 'mca_rows': 1, 'mca_cols': 1}}
Virtualization Enabled: Max Rows 1, Max Cols 1
[INFO]ROOT: begin virtualParallelMatVec at MCA 0,0
Adding zero row padding of size (0,66)
Adding zero col padding of size (66,0)
Traceback (most recent call last):
  File "DistributedMatVec.py", line 7, in <module>
    mv.matVec(correction=correction)
  File "/home/luciusvo/meliso_nature/solver/matvec/MatVecSolver.py", line 33, in matVec
    self.solverObject.parallelMatVec(correction=correction)
  File "/home/luciusvo/meliso_nature/solver/matvec/Root.py", line 191, in parallelMatVec
    self.virtualParallelMatVec(i,j)
  File "/home/luciusvo/meliso_nature/solver/matvec/Root.py", line 175, in virtualParallelMatVec
    self.mca.setX(self.virtualizer[i,j]["x"])
KeyError: 'x'
